running egg_info
writing ../../build/autonomous_navigator/autonomous_navigator.egg-info/PKG-INFO
writing dependency_links to ../../build/autonomous_navigator/autonomous_navigator.egg-info/dependency_links.txt
writing entry points to ../../build/autonomous_navigator/autonomous_navigator.egg-info/entry_points.txt
writing requirements to ../../build/autonomous_navigator/autonomous_navigator.egg-info/requires.txt
writing top-level names to ../../build/autonomous_navigator/autonomous_navigator.egg-info/top_level.txt
reading manifest file '../../build/autonomous_navigator/autonomous_navigator.egg-info/SOURCES.txt'
writing manifest file '../../build/autonomous_navigator/autonomous_navigator.egg-info/SOURCES.txt'
running build
running build_py
running install
running install_lib
running install_data
copying launch/navigation_demo.launch.py -> /home/prohype/autonomous-nav-ros2/ros2_ws/install/autonomous_navigator/share/autonomous_navigator/launch
running install_egg_info
removing '/home/prohype/autonomous-nav-ros2/ros2_ws/install/autonomous_navigator/lib/python3.12/site-packages/autonomous_navigator-0.0.0-py3.12.egg-info' (and everything under it)
Copying ../../build/autonomous_navigator/autonomous_navigator.egg-info to /home/prohype/autonomous-nav-ros2/ros2_ws/install/autonomous_navigator/lib/python3.12/site-packages/autonomous_navigator-0.0.0-py3.12.egg-info
running install_scripts
Installing navigator script to /home/prohype/autonomous-nav-ros2/ros2_ws/install/autonomous_navigator/lib/autonomous_navigator
writing list of installed files to '/home/prohype/autonomous-nav-ros2/ros2_ws/build/autonomous_navigator/install.log'
