[0.557s] Invoking command in '/home/prohype/autonomous-nav-ros2/ros2_ws/src/autonomous_navigator': DEBUGINFOD_URLS=https://debuginfod.ubuntu.com PYTHONPATH=/home/prohype/autonomous-nav-ros2/ros2_ws/build/autonomous_navigator/prefix_override:/usr/lib/python3/dist-packages/colcon_core/task/python/colcon_distutils_commands:/home/prohype/autonomous-nav-ros2/ros2_ws/install/autonomous_navigator/lib/python3.12/site-packages:${PYTHONPATH} /usr/bin/python3 -W ignore:setup.py install is deprecated -W ignore:easy_install command is deprecated setup.py egg_info --egg-base ../../build/autonomous_navigator build --build-base /home/prohype/autonomous-nav-ros2/ros2_ws/build/autonomous_navigator/build install --record /home/prohype/autonomous-nav-ros2/ros2_ws/build/autonomous_navigator/install.log --single-version-externally-managed install_data
[0.743s] running egg_info
[0.743s] creating ../../build/autonomous_navigator/autonomous_navigator.egg-info
[0.756s] writing ../../build/autonomous_navigator/autonomous_navigator.egg-info/PKG-INFO
[0.756s] writing dependency_links to ../../build/autonomous_navigator/autonomous_navigator.egg-info/dependency_links.txt
[0.756s] writing entry points to ../../build/autonomous_navigator/autonomous_navigator.egg-info/entry_points.txt
[0.756s] writing requirements to ../../build/autonomous_navigator/autonomous_navigator.egg-info/requires.txt
[0.756s] writing top-level names to ../../build/autonomous_navigator/autonomous_navigator.egg-info/top_level.txt
[0.756s] writing manifest file '../../build/autonomous_navigator/autonomous_navigator.egg-info/SOURCES.txt'
[0.782s] reading manifest file '../../build/autonomous_navigator/autonomous_navigator.egg-info/SOURCES.txt'
[0.783s] writing manifest file '../../build/autonomous_navigator/autonomous_navigator.egg-info/SOURCES.txt'
[0.783s] running build
[0.783s] running build_py
[0.783s] creating /home/prohype/autonomous-nav-ros2/ros2_ws/build/autonomous_navigator/build
[0.783s] creating /home/prohype/autonomous-nav-ros2/ros2_ws/build/autonomous_navigator/build/lib
[0.783s] creating /home/prohype/autonomous-nav-ros2/ros2_ws/build/autonomous_navigator/build/lib/autonomous_navigator
[0.783s] copying autonomous_navigator/navigator.py -> /home/prohype/autonomous-nav-ros2/ros2_ws/build/autonomous_navigator/build/lib/autonomous_navigator
[0.783s] copying autonomous_navigator/__init__.py -> /home/prohype/autonomous-nav-ros2/ros2_ws/build/autonomous_navigator/build/lib/autonomous_navigator
[0.783s] running install
[0.787s] running install_lib
[0.800s] creating /home/prohype/autonomous-nav-ros2/ros2_ws/install/autonomous_navigator/lib/python3.12/site-packages/autonomous_navigator
[0.800s] copying /home/prohype/autonomous-nav-ros2/ros2_ws/build/autonomous_navigator/build/lib/autonomous_navigator/navigator.py -> /home/prohype/autonomous-nav-ros2/ros2_ws/install/autonomous_navigator/lib/python3.12/site-packages/autonomous_navigator
[0.800s] copying /home/prohype/autonomous-nav-ros2/ros2_ws/build/autonomous_navigator/build/lib/autonomous_navigator/__init__.py -> /home/prohype/autonomous-nav-ros2/ros2_ws/install/autonomous_navigator/lib/python3.12/site-packages/autonomous_navigator
[0.801s] byte-compiling /home/prohype/autonomous-nav-ros2/ros2_ws/install/autonomous_navigator/lib/python3.12/site-packages/autonomous_navigator/navigator.py to navigator.cpython-312.pyc
[0.801s] byte-compiling /home/prohype/autonomous-nav-ros2/ros2_ws/install/autonomous_navigator/lib/python3.12/site-packages/autonomous_navigator/__init__.py to __init__.cpython-312.pyc
[0.801s] running install_data
[0.801s] creating /home/prohype/autonomous-nav-ros2/ros2_ws/install/autonomous_navigator/share/ament_index
[0.801s] creating /home/prohype/autonomous-nav-ros2/ros2_ws/install/autonomous_navigator/share/ament_index/resource_index
[0.801s] creating /home/prohype/autonomous-nav-ros2/ros2_ws/install/autonomous_navigator/share/ament_index/resource_index/packages
[0.802s] copying resource/autonomous_navigator -> /home/prohype/autonomous-nav-ros2/ros2_ws/install/autonomous_navigator/share/ament_index/resource_index/packages
[0.802s] copying package.xml -> /home/prohype/autonomous-nav-ros2/ros2_ws/install/autonomous_navigator/share/autonomous_navigator
[0.802s] running install_egg_info
[0.815s] Copying ../../build/autonomous_navigator/autonomous_navigator.egg-info to /home/prohype/autonomous-nav-ros2/ros2_ws/install/autonomous_navigator/lib/python3.12/site-packages/autonomous_navigator-0.0.0-py3.12.egg-info
[0.816s] running install_scripts
[0.902s] Installing navigator script to /home/prohype/autonomous-nav-ros2/ros2_ws/install/autonomous_navigator/lib/autonomous_navigator
[0.902s] writing list of installed files to '/home/prohype/autonomous-nav-ros2/ros2_ws/build/autonomous_navigator/install.log'
[0.920s] Invoked command in '/home/prohype/autonomous-nav-ros2/ros2_ws/src/autonomous_navigator' returned '0': DEBUGINFOD_URLS=https://debuginfod.ubuntu.com PYTHONPATH=/home/prohype/autonomous-nav-ros2/ros2_ws/build/autonomous_navigator/prefix_override:/usr/lib/python3/dist-packages/colcon_core/task/python/colcon_distutils_commands:/home/prohype/autonomous-nav-ros2/ros2_ws/install/autonomous_navigator/lib/python3.12/site-packages:${PYTHONPATH} /usr/bin/python3 -W ignore:setup.py install is deprecated -W ignore:easy_install command is deprecated setup.py egg_info --egg-base ../../build/autonomous_navigator build --build-base /home/prohype/autonomous-nav-ros2/ros2_ws/build/autonomous_navigator/build install --record /home/prohype/autonomous-nav-ros2/ros2_ws/build/autonomous_navigator/install.log --single-version-externally-managed install_data
