[0.649s] Invoking command in '/home/prohype/autonomous-nav-ros2/ros2_ws/src/autonomous_navigator': DEBUGINFOD_URLS=https://debuginfod.ubuntu.com PYTHONPATH=/home/prohype/autonomous-nav-ros2/ros2_ws/build/autonomous_navigator/prefix_override:/usr/lib/python3/dist-packages/colcon_core/task/python/colcon_distutils_commands:/home/prohype/autonomous-nav-ros2/ros2_ws/install/autonomous_navigator/lib/python3.12/site-packages:${PYTHONPATH} /usr/bin/python3 -W ignore:setup.py install is deprecated -W ignore:easy_install command is deprecated setup.py egg_info --egg-base ../../build/autonomous_navigator build --build-base /home/prohype/autonomous-nav-ros2/ros2_ws/build/autonomous_navigator/build install --record /home/prohype/autonomous-nav-ros2/ros2_ws/build/autonomous_navigator/install.log --single-version-externally-managed install_data
[0.799s] running egg_info
[0.809s] writing ../../build/autonomous_navigator/autonomous_navigator.egg-info/PKG-INFO
[0.811s] writing dependency_links to ../../build/autonomous_navigator/autonomous_navigator.egg-info/dependency_links.txt
[0.811s] writing entry points to ../../build/autonomous_navigator/autonomous_navigator.egg-info/entry_points.txt
[0.811s] writing requirements to ../../build/autonomous_navigator/autonomous_navigator.egg-info/requires.txt
[0.811s] writing top-level names to ../../build/autonomous_navigator/autonomous_navigator.egg-info/top_level.txt
[0.832s] reading manifest file '../../build/autonomous_navigator/autonomous_navigator.egg-info/SOURCES.txt'
[0.833s] writing manifest file '../../build/autonomous_navigator/autonomous_navigator.egg-info/SOURCES.txt'
[0.833s] running build
[0.833s] running build_py
[0.834s] running install
[0.837s] running install_lib
[0.848s] running install_data
[0.849s] running install_egg_info
[0.860s] removing '/home/prohype/autonomous-nav-ros2/ros2_ws/install/autonomous_navigator/lib/python3.12/site-packages/autonomous_navigator-0.0.0-py3.12.egg-info' (and everything under it)
[0.860s] Copying ../../build/autonomous_navigator/autonomous_navigator.egg-info to /home/prohype/autonomous-nav-ros2/ros2_ws/install/autonomous_navigator/lib/python3.12/site-packages/autonomous_navigator-0.0.0-py3.12.egg-info
[0.861s] running install_scripts
[0.930s] Installing navigator script to /home/prohype/autonomous-nav-ros2/ros2_ws/install/autonomous_navigator/lib/autonomous_navigator
[0.932s] writing list of installed files to '/home/prohype/autonomous-nav-ros2/ros2_ws/build/autonomous_navigator/install.log'
[0.946s] Invoked command in '/home/prohype/autonomous-nav-ros2/ros2_ws/src/autonomous_navigator' returned '0': DEBUGINFOD_URLS=https://debuginfod.ubuntu.com PYTHONPATH=/home/prohype/autonomous-nav-ros2/ros2_ws/build/autonomous_navigator/prefix_override:/usr/lib/python3/dist-packages/colcon_core/task/python/colcon_distutils_commands:/home/prohype/autonomous-nav-ros2/ros2_ws/install/autonomous_navigator/lib/python3.12/site-packages:${PYTHONPATH} /usr/bin/python3 -W ignore:setup.py install is deprecated -W ignore:easy_install command is deprecated setup.py egg_info --egg-base ../../build/autonomous_navigator build --build-base /home/prohype/autonomous-nav-ros2/ros2_ws/build/autonomous_navigator/build install --record /home/prohype/autonomous-nav-ros2/ros2_ws/build/autonomous_navigator/install.log --single-version-externally-managed install_data
