[0.476s] Invoking command in '/home/prohype/autonomous-nav-ros2/ros2_ws/src/autonomous_navigator': DEBUGINFOD_URLS=https://debuginfod.ubuntu.com PYTHONPATH=/home/prohype/autonomous-nav-ros2/ros2_ws/build/autonomous_navigator/prefix_override:/usr/lib/python3/dist-packages/colcon_core/task/python/colcon_distutils_commands:/home/prohype/autonomous-nav-ros2/ros2_ws/install/autonomous_navigator/lib/python3.12/site-packages:${PYTHONPATH} /usr/bin/python3 -W ignore:setup.py install is deprecated -W ignore:easy_install command is deprecated setup.py egg_info --egg-base ../../build/autonomous_navigator build --build-base /home/prohype/autonomous-nav-ros2/ros2_ws/build/autonomous_navigator/build install --record /home/prohype/autonomous-nav-ros2/ros2_ws/build/autonomous_navigator/install.log --single-version-externally-managed install_data
[0.632s] running egg_info
[0.644s] writing ../../build/autonomous_navigator/autonomous_navigator.egg-info/PKG-INFO
[0.644s] writing dependency_links to ../../build/autonomous_navigator/autonomous_navigator.egg-info/dependency_links.txt
[0.644s] writing entry points to ../../build/autonomous_navigator/autonomous_navigator.egg-info/entry_points.txt
[0.644s] writing requirements to ../../build/autonomous_navigator/autonomous_navigator.egg-info/requires.txt
[0.644s] writing top-level names to ../../build/autonomous_navigator/autonomous_navigator.egg-info/top_level.txt
[0.667s] reading manifest file '../../build/autonomous_navigator/autonomous_navigator.egg-info/SOURCES.txt'
[0.668s] writing manifest file '../../build/autonomous_navigator/autonomous_navigator.egg-info/SOURCES.txt'
[0.668s] running build
[0.668s] running build_py
[0.668s] running install
[0.672s] running install_lib
[0.684s] running install_data
[0.684s] creating /home/prohype/autonomous-nav-ros2/ros2_ws/install/autonomous_navigator/share/autonomous_navigator/launch
[0.684s] copying launch/navigation_demo.launch.py -> /home/prohype/autonomous-nav-ros2/ros2_ws/install/autonomous_navigator/share/autonomous_navigator/launch
[0.684s] running install_egg_info
[0.697s] removing '/home/prohype/autonomous-nav-ros2/ros2_ws/install/autonomous_navigator/lib/python3.12/site-packages/autonomous_navigator-0.0.0-py3.12.egg-info' (and everything under it)
[0.697s] Copying ../../build/autonomous_navigator/autonomous_navigator.egg-info to /home/prohype/autonomous-nav-ros2/ros2_ws/install/autonomous_navigator/lib/python3.12/site-packages/autonomous_navigator-0.0.0-py3.12.egg-info
[0.697s] running install_scripts
[0.775s] Installing navigator script to /home/prohype/autonomous-nav-ros2/ros2_ws/install/autonomous_navigator/lib/autonomous_navigator
[0.775s] writing list of installed files to '/home/prohype/autonomous-nav-ros2/ros2_ws/build/autonomous_navigator/install.log'
[0.790s] Invoked command in '/home/prohype/autonomous-nav-ros2/ros2_ws/src/autonomous_navigator' returned '0': DEBUGINFOD_URLS=https://debuginfod.ubuntu.com PYTHONPATH=/home/prohype/autonomous-nav-ros2/ros2_ws/build/autonomous_navigator/prefix_override:/usr/lib/python3/dist-packages/colcon_core/task/python/colcon_distutils_commands:/home/prohype/autonomous-nav-ros2/ros2_ws/install/autonomous_navigator/lib/python3.12/site-packages:${PYTHONPATH} /usr/bin/python3 -W ignore:setup.py install is deprecated -W ignore:easy_install command is deprecated setup.py egg_info --egg-base ../../build/autonomous_navigator build --build-base /home/prohype/autonomous-nav-ros2/ros2_ws/build/autonomous_navigator/build install --record /home/prohype/autonomous-nav-ros2/ros2_ws/build/autonomous_navigator/install.log --single-version-externally-managed install_data
